mktextfm HelveticaNeueCondensedBold
mktextfm HelveticaNeueCondensedBold
mktextfm HelveticaNeueCondensedBold
mktextfm HelveticaNeueCondensedBold/BI
mktextfm HelveticaNeueCondensedBold
mktextfm HelveticaNeueCondensedBold/B
mktextfm HelveticaNeueCondensedBold
mktextfm HelveticaNeueCondensedBold/I
mktextfm HelveticaNeueCondensedBold
mktextfm HelveticaNeueCondensedBold
mktextfm HelveticaNeueCondensedBold
mktextfm HelveticaNeueCondensedBold
mktextfm HelveticaNeueCondensedBold
mktextfm HelveticaNeueCondensedBold/BI
mktextfm HelveticaNeueCondensedBold
mktextfm HelveticaNeueCondensedBold/B
mktextfm HelveticaNeueCondensedBold
mktextfm HelveticaNeueCondensedBold/I
mktextfm HelveticaNeueCondensedBold
mktextfm HelveticaNeueCondensedBold
mktextfm FontAwesome
mktextfm FontAwesome
mktextfm FontAwesome
mktextfm FontAwesome/BI
mktextfm FontAwesome
mktextfm FontAwesome/B
mktextfm FontAwesome
mktextfm FontAwesome/I
mktextfm FontAwesome
mktextfm FontAwesome
